<?xml version='1.0' encoding='ISO-8859-1'?>
<testsuite errors="0" failures="0" name="pl.elka.pw.sparkseq.seqAnalysis.SparkSeqAnalysisSuite" tests="3" time="0" timestamp="2014-02-22T13:15:40+0000">
        <properties/>
        <testcase classname="pl.elka.pw.sparkseq.seqAnalysis.SparkSeqAnalysisSuite" name="Test region count" time="0">
              
            </testcase><testcase classname="pl.elka.pw.sparkseq.seqAnalysis.SparkSeqAnalysisSuite" name="Test base count" time="0">
              
            </testcase><testcase classname="pl.elka.pw.sparkseq.seqAnalysis.SparkSeqAnalysisSuite" name="Test base count with filtered region" time="0">
              
            </testcase>
        <system-out></system-out>
        <system-err></system-err>
      </testsuite>